{"C:\\work\\Candy-Empirical\\static_website\\javascript\\industry.js":{"path":"C:\\work\\Candy-Empirical\\static_website\\javascript\\industry.js","s":{"1":1,"2":1,"3":0,"4":0,"5":0,"6":0,"7":0,"8":0,"9":0,"10":0,"11":0,"12":0,"13":0,"14":0,"15":0,"16":0,"17":0,"18":0,"19":0,"20":0,"21":0,"22":0,"23":0,"24":0,"25":0,"26":0,"27":0,"28":0,"29":0,"30":0,"31":0,"32":0,"33":0,"34":0,"35":0,"36":0,"37":0,"38":0,"39":0,"40":0,"41":1,"42":0},"b":{"1":[0,0],"2":[0,0],"3":[0,0],"4":[0,0]},"f":{"1":1,"2":0,"3":0,"4":0,"5":0,"6":0,"7":0,"8":0,"9":0,"10":0,"11":0},"fnMap":{"1":{"name":"(anonymous_1)","line":2,"loc":{"start":{"line":2,"column":1},"end":{"line":2,"column":11}}},"2":{"name":"(anonymous_2)","line":3,"loc":{"start":{"line":3,"column":16},"end":{"line":3,"column":42}}},"3":{"name":"(anonymous_3)","line":5,"loc":{"start":{"line":5,"column":17},"end":{"line":5,"column":42}}},"4":{"name":"(anonymous_4)","line":12,"loc":{"start":{"line":12,"column":19},"end":{"line":12,"column":29}}},"5":{"name":"(anonymous_5)","line":16,"loc":{"start":{"line":16,"column":19},"end":{"line":16,"column":35}}},"6":{"name":"(anonymous_6)","line":20,"loc":{"start":{"line":20,"column":18},"end":{"line":20,"column":32}}},"7":{"name":"(anonymous_7)","line":24,"loc":{"start":{"line":24,"column":14},"end":{"line":24,"column":30}}},"8":{"name":"(anonymous_8)","line":32,"loc":{"start":{"line":32,"column":15},"end":{"line":32,"column":25}}},"9":{"name":"(anonymous_9)","line":40,"loc":{"start":{"line":40,"column":20},"end":{"line":40,"column":30}}},"10":{"name":"(anonymous_10)","line":45,"loc":{"start":{"line":45,"column":20},"end":{"line":45,"column":30}}},"11":{"name":"saveComodities","line":71,"loc":{"start":{"line":71,"column":23},"end":{"line":71,"column":48}}}},"statementMap":{"1":{"start":{"line":2,"column":0},"end":{"line":84,"column":4}},"2":{"start":{"line":3,"column":1},"end":{"line":80,"column":3}},"3":{"start":{"line":5,"column":2},"end":{"line":52,"column":3}},"4":{"start":{"line":6,"column":3},"end":{"line":6,"column":17}},"5":{"start":{"line":7,"column":3},"end":{"line":7,"column":24}},"6":{"start":{"line":8,"column":3},"end":{"line":8,"column":13}},"7":{"start":{"line":9,"column":3},"end":{"line":9,"column":20}},"8":{"start":{"line":10,"column":3},"end":{"line":10,"column":23}},"9":{"start":{"line":11,"column":3},"end":{"line":11,"column":21}},"10":{"start":{"line":12,"column":3},"end":{"line":14,"column":4}},"11":{"start":{"line":13,"column":4},"end":{"line":13,"column":17}},"12":{"start":{"line":16,"column":3},"end":{"line":18,"column":4}},"13":{"start":{"line":17,"column":4},"end":{"line":17,"column":33}},"14":{"start":{"line":20,"column":3},"end":{"line":22,"column":4}},"15":{"start":{"line":21,"column":4},"end":{"line":21,"column":17}},"16":{"start":{"line":24,"column":3},"end":{"line":30,"column":4}},"17":{"start":{"line":25,"column":4},"end":{"line":29,"column":5}},"18":{"start":{"line":26,"column":5},"end":{"line":26,"column":26}},"19":{"start":{"line":27,"column":5},"end":{"line":27,"column":32}},"20":{"start":{"line":28,"column":5},"end":{"line":28,"column":21}},"21":{"start":{"line":32,"column":3},"end":{"line":38,"column":4}},"22":{"start":{"line":33,"column":4},"end":{"line":37,"column":5}},"23":{"start":{"line":34,"column":5},"end":{"line":34,"column":29}},"24":{"start":{"line":35,"column":5},"end":{"line":35,"column":15}},"25":{"start":{"line":36,"column":5},"end":{"line":36,"column":22}},"26":{"start":{"line":40,"column":3},"end":{"line":43,"column":4}},"27":{"start":{"line":41,"column":4},"end":{"line":41,"column":53}},"28":{"start":{"line":45,"column":3},"end":{"line":50,"column":4}},"29":{"start":{"line":46,"column":4},"end":{"line":46,"column":67}},"30":{"start":{"line":47,"column":4},"end":{"line":49,"column":5}},"31":{"start":{"line":48,"column":5},"end":{"line":48,"column":19}},"32":{"start":{"line":51,"column":3},"end":{"line":51,"column":15}},"33":{"start":{"line":54,"column":2},"end":{"line":54,"column":42}},"34":{"start":{"line":56,"column":2},"end":{"line":64,"column":4}},"35":{"start":{"line":66,"column":2},"end":{"line":68,"column":3}},"36":{"start":{"line":67,"column":3},"end":{"line":67,"column":31}},"37":{"start":{"line":71,"column":2},"end":{"line":76,"column":9}},"38":{"start":{"line":72,"column":3},"end":{"line":74,"column":4}},"39":{"start":{"line":73,"column":4},"end":{"line":73,"column":32}},"40":{"start":{"line":78,"column":2},"end":{"line":78,"column":20}},"41":{"start":{"line":82,"column":1},"end":{"line":82,"column":39}},"42":{"start":{"line":83,"column":1},"end":{"line":83,"column":37}}},"branchMap":{"1":{"line":25,"type":"if","locations":[{"start":{"line":25,"column":4},"end":{"line":25,"column":4}},{"start":{"line":25,"column":4},"end":{"line":25,"column":4}}]},"2":{"line":26,"type":"binary-expr","locations":[{"start":{"line":26,"column":14},"end":{"line":26,"column":20}},{"start":{"line":26,"column":24},"end":{"line":26,"column":25}}]},"3":{"line":33,"type":"if","locations":[{"start":{"line":33,"column":4},"end":{"line":33,"column":4}},{"start":{"line":33,"column":4},"end":{"line":33,"column":4}}]},"4":{"line":47,"type":"if","locations":[{"start":{"line":47,"column":4},"end":{"line":47,"column":4}},{"start":{"line":47,"column":4},"end":{"line":47,"column":4}}]}}}}